<?xml version="1.0" encoding="UTF-8"?>
<!-- Generated by org.testng.reporters.JUnitReportReporter -->
<testsuite skipped="0" hostname="LAPTOP-D0CIFDTL" name="seleniumBasics.JavaScriptExecutorExample" tests="1" failures="0" timestamp="2022-11-01T09:05:36 IST" time="4.866" errors="0">
  <testcase name="f" time="4.866" classname="seleniumBasics.JavaScriptExecutorExample"/>
  <system-out/>
</testsuite> <!-- seleniumBasics.JavaScriptExecutorExample -->
