<?xml version="1.0" encoding="UTF-8"?>
<!-- Generated by org.testng.reporters.JUnitReportReporter -->
<testsuite skipped="0" hostname="LAPTOP-D0CIFDTL" name="seleniumBasics.ZoomInAndZoomOutExample" tests="1" failures="0" timestamp="2022-11-01T16:51:57 IST" time="7.707" errors="0">
  <testcase name="f" time="7.707" classname="seleniumBasics.ZoomInAndZoomOutExample"/>
  <system-out/>
</testsuite> <!-- seleniumBasics.ZoomInAndZoomOutExample -->
