<?xml version="1.0" encoding="UTF-8"?>
<!-- Generated by org.testng.reporters.JUnitReportReporter -->
<testsuite skipped="0" hostname="LAPTOP-D0CIFDTL" name="seleniumBasics.WebTableExample" tests="1" failures="0" timestamp="2022-11-01T17:25:36 IST" time="4.248" errors="0">
  <testcase name="f" time="4.248" classname="seleniumBasics.WebTableExample"/>
  <system-out/>
</testsuite> <!-- seleniumBasics.WebTableExample -->
