<?xml version="1.0" encoding="UTF-8"?>
<!-- Generated by org.testng.reporters.JUnitReportReporter -->
<testsuite skipped="0" hostname="LAPTOP-D0CIFDTL" name="seleniumBasics.CompundClassExample" tests="1" failures="0" timestamp="2022-11-01T19:21:37 IST" time="10.814" errors="0">
  <testcase name="f" time="10.814" classname="seleniumBasics.CompundClassExample"/>
  <system-out/>
</testsuite> <!-- seleniumBasics.CompundClassExample -->
