<?xml version="1.0" encoding="UTF-8"?>
<!-- Generated by org.testng.reporters.JUnitReportReporter -->
<testsuite skipped="0" hostname="LAPTOP-D0CIFDTL" name="seleniumBasics.HeadlessBrowserExampleOfChromeAndFireFox" tests="1" failures="0" timestamp="2022-11-01T17:54:31 IST" time="10.551" errors="0">
  <testcase name="f1" time="10.551" classname="seleniumBasics.HeadlessBrowserExampleOfChromeAndFireFox"/>
  <system-out/>
</testsuite> <!-- seleniumBasics.HeadlessBrowserExampleOfChromeAndFireFox -->
