<?xml version="1.0" encoding="UTF-8"?>
<!-- Generated by org.testng.reporters.JUnitReportReporter -->
<testsuite skipped="0" hostname="LAPTOP-D0CIFDTL" name="seleniumBasics.GetPageSourceProgram" tests="1" failures="0" timestamp="2022-11-01T10:13:21 IST" time="2.287" errors="0">
  <testcase name="f" time="2.287" classname="seleniumBasics.GetPageSourceProgram"/>
  <system-out/>
</testsuite> <!-- seleniumBasics.GetPageSourceProgram -->
