<?xml version="1.0" encoding="UTF-8"?>
<!-- Generated by org.testng.reporters.JUnitReportReporter -->
<testsuite skipped="0" hostname="LAPTOP-D0CIFDTL" name="seleniumBasics.RemoveWebDriverDriverEqualsChromedriverExample" tests="1" failures="0" timestamp="2022-11-01T19:34:36 IST" time="3.783" errors="0">
  <testcase name="f" time="3.783" classname="seleniumBasics.RemoveWebDriverDriverEqualsChromedriverExample"/>
  <system-out/>
</testsuite> <!-- seleniumBasics.RemoveWebDriverDriverEqualsChromedriverExample -->
