<?xml version="1.0" encoding="UTF-8"?>
<!-- Generated by org.testng.reporters.JUnitReportReporter -->
<testsuite skipped="0" hostname="LAPTOP-D0CIFDTL" name="seleniumBasics.ToolTipExample" tests="1" failures="0" timestamp="2022-11-01T16:32:17 IST" time="5.346" errors="0">
  <testcase name="f" time="5.346" classname="seleniumBasics.ToolTipExample"/>
  <system-out/>
</testsuite> <!-- seleniumBasics.ToolTipExample -->
